Info: *******************************************************************
Info: Running Quartus Prime Analysis & Synthesis
    Info: Version 20.1.1 Build 720 11/11/2020 SJ Standard Edition
    Info: Copyright (C) 2020  Intel Corporation. All rights reserved.
    Info: Your use of Intel Corporation's design tools, logic functions 
    Info: and other software and tools, and any partner logic 
    Info: functions, and any output files from any of the foregoing 
    Info: (including device programming or simulation files), and any 
    Info: associated documentation or information are expressly subject 
    Info: to the terms and conditions of the Intel Program License 
    Info: Subscription Agreement, the Intel Quartus Prime License Agreement,
    Info: the Intel FPGA IP License Agreement, or other applicable license
    Info: agreement, including, without limitation, that your use is for
    Info: the sole purpose of programming logic devices manufactured by
    Info: Intel and sold by Intel or its authorized distributors.  Please
    Info: refer to the applicable agreement for further details, at
    Info: https://fpgasoftware.intel.com/eula.
    Info: Processing started: Thu Dec  8 22:11:46 2022
Info: Command: quartus_map --read_settings_files=on --write_settings_files=off toolflow -c toolflow
Warning (18236): Number of processors has not been specified which may cause overloading on shared machines.  Set the global assignment NUM_PARALLEL_PROCESSORS in your QSF to an appropriate value for best performance.
Info (20030): Parallel compilation is enabled and will use 12 of the 12 processors detected
Info (12021): Found 2 design units, including 1 entities, in source file /home/ahuggins/Desktop/381_Repo/Cpre381/cpre381-toolflow/proj/src/Adder.vhd
    Info (12022): Found design unit 1: Adder-behavior File: /home/ahuggins/Desktop/381_Repo/Cpre381/cpre381-toolflow/proj/src/Adder.vhd Line: 35
    Info (12023): Found entity 1: Adder File: /home/ahuggins/Desktop/381_Repo/Cpre381/cpre381-toolflow/proj/src/Adder.vhd Line: 26
Info (12021): Found 2 design units, including 1 entities, in source file /home/ahuggins/Desktop/381_Repo/Cpre381/cpre381-toolflow/proj/src/MIPS_Reg_File1.vhd
    Info (12022): Found design unit 1: MIPS_Reg_File1-structure File: /home/ahuggins/Desktop/381_Repo/Cpre381/cpre381-toolflow/proj/src/MIPS_Reg_File1.vhd Line: 32
    Info (12023): Found entity 1: MIPS_Reg_File1 File: /home/ahuggins/Desktop/381_Repo/Cpre381/cpre381-toolflow/proj/src/MIPS_Reg_File1.vhd Line: 18
Info (12021): Found 2 design units, including 0 entities, in source file /home/ahuggins/Desktop/381_Repo/Cpre381/cpre381-toolflow/proj/src/MIPS_types.vhd
    Info (12022): Found design unit 1: MIPS_types File: /home/ahuggins/Desktop/381_Repo/Cpre381/cpre381-toolflow/proj/src/MIPS_types.vhd Line: 15
    Info (12022): Found design unit 2: MIPS_types-body File: /home/ahuggins/Desktop/381_Repo/Cpre381/cpre381-toolflow/proj/src/MIPS_types.vhd Line: 29
Info (12021): Found 2 design units, including 1 entities, in source file /home/ahuggins/Desktop/381_Repo/Cpre381/cpre381-toolflow/proj/src/Multiplier.vhd
    Info (12022): Found design unit 1: Multiplier-behavior File: /home/ahuggins/Desktop/381_Repo/Cpre381/cpre381-toolflow/proj/src/Multiplier.vhd Line: 35
    Info (12023): Found entity 1: Multiplier File: /home/ahuggins/Desktop/381_Repo/Cpre381/cpre381-toolflow/proj/src/Multiplier.vhd Line: 26
Info (12021): Found 2 design units, including 1 entities, in source file /home/ahuggins/Desktop/381_Repo/Cpre381/cpre381-toolflow/proj/src/PC.vhd
    Info (12022): Found design unit 1: PC-structural File: /home/ahuggins/Desktop/381_Repo/Cpre381/cpre381-toolflow/proj/src/PC.vhd Line: 23
    Info (12023): Found entity 1: PC File: /home/ahuggins/Desktop/381_Repo/Cpre381/cpre381-toolflow/proj/src/PC.vhd Line: 14
Info (12021): Found 2 design units, including 1 entities, in source file /home/ahuggins/Desktop/381_Repo/Cpre381/cpre381-toolflow/proj/src/TopLevel/MIPS_Processor.vhd
    Info (12022): Found design unit 1: MIPS_Processor-structure File: /home/ahuggins/Desktop/381_Repo/Cpre381/cpre381-toolflow/proj/src/TopLevel/MIPS_Processor.vhd Line: 39
    Info (12023): Found entity 1: MIPS_Processor File: /home/ahuggins/Desktop/381_Repo/Cpre381/cpre381-toolflow/proj/src/TopLevel/MIPS_Processor.vhd Line: 23
Info (12021): Found 2 design units, including 1 entities, in source file /home/ahuggins/Desktop/381_Repo/Cpre381/cpre381-toolflow/proj/src/TopLevel/mem.vhd
    Info (12022): Found design unit 1: mem-rtl File: /home/ahuggins/Desktop/381_Repo/Cpre381/cpre381-toolflow/proj/src/TopLevel/mem.vhd Line: 27
    Info (12023): Found entity 1: mem File: /home/ahuggins/Desktop/381_Repo/Cpre381/cpre381-toolflow/proj/src/TopLevel/mem.vhd Line: 8
Info (12021): Found 2 design units, including 1 entities, in source file /home/ahuggins/Desktop/381_Repo/Cpre381/cpre381-toolflow/proj/src/adderSub_N.vhd
    Info (12022): Found design unit 1: adderSub_N-structure File: /home/ahuggins/Desktop/381_Repo/Cpre381/cpre381-toolflow/proj/src/adderSub_N.vhd Line: 26
    Info (12023): Found entity 1: adderSub_N File: /home/ahuggins/Desktop/381_Repo/Cpre381/cpre381-toolflow/proj/src/adderSub_N.vhd Line: 14
Info (12021): Found 2 design units, including 1 entities, in source file /home/ahuggins/Desktop/381_Repo/Cpre381/cpre381-toolflow/proj/src/adder_N.vhd
    Info (12022): Found design unit 1: adder_N-structural File: /home/ahuggins/Desktop/381_Repo/Cpre381/cpre381-toolflow/proj/src/adder_N.vhd Line: 23
    Info (12023): Found entity 1: adder_N File: /home/ahuggins/Desktop/381_Repo/Cpre381/cpre381-toolflow/proj/src/adder_N.vhd Line: 13
Info (12021): Found 2 design units, including 1 entities, in source file /home/ahuggins/Desktop/381_Repo/Cpre381/cpre381-toolflow/proj/src/andg2.vhd
    Info (12022): Found design unit 1: andg2-dataflow File: /home/ahuggins/Desktop/381_Repo/Cpre381/cpre381-toolflow/proj/src/andg2.vhd Line: 31
    Info (12023): Found entity 1: andg2 File: /home/ahuggins/Desktop/381_Repo/Cpre381/cpre381-toolflow/proj/src/andg2.vhd Line: 23
Info (12021): Found 2 design units, including 1 entities, in source file /home/ahuggins/Desktop/381_Repo/Cpre381/cpre381-toolflow/proj/src/andg_N.vhd
    Info (12022): Found design unit 1: andg_N-structural File: /home/ahuggins/Desktop/381_Repo/Cpre381/cpre381-toolflow/proj/src/andg_N.vhd Line: 24
    Info (12023): Found entity 1: andg_N File: /home/ahuggins/Desktop/381_Repo/Cpre381/cpre381-toolflow/proj/src/andg_N.vhd Line: 17
Info (12021): Found 2 design units, including 1 entities, in source file /home/ahuggins/Desktop/381_Repo/Cpre381/cpre381-toolflow/proj/src/barrelShifter.vhd
    Info (12022): Found design unit 1: barrelShifter-structural File: /home/ahuggins/Desktop/381_Repo/Cpre381/cpre381-toolflow/proj/src/barrelShifter.vhd Line: 26
    Info (12023): Found entity 1: barrelShifter File: /home/ahuggins/Desktop/381_Repo/Cpre381/cpre381-toolflow/proj/src/barrelShifter.vhd Line: 16
Info (12021): Found 2 design units, including 1 entities, in source file /home/ahuggins/Desktop/381_Repo/Cpre381/cpre381-toolflow/proj/src/beq.vhd
    Info (12022): Found design unit 1: beq-dataflow File: /home/ahuggins/Desktop/381_Repo/Cpre381/cpre381-toolflow/proj/src/beq.vhd Line: 22
    Info (12023): Found entity 1: beq File: /home/ahuggins/Desktop/381_Repo/Cpre381/cpre381-toolflow/proj/src/beq.vhd Line: 15
Info (12021): Found 2 design units, including 1 entities, in source file /home/ahuggins/Desktop/381_Repo/Cpre381/cpre381-toolflow/proj/src/bne.vhd
    Info (12022): Found design unit 1: bne-dataflow File: /home/ahuggins/Desktop/381_Repo/Cpre381/cpre381-toolflow/proj/src/bne.vhd Line: 22
    Info (12023): Found entity 1: bne File: /home/ahuggins/Desktop/381_Repo/Cpre381/cpre381-toolflow/proj/src/bne.vhd Line: 15
Info (12021): Found 2 design units, including 1 entities, in source file /home/ahuggins/Desktop/381_Repo/Cpre381/cpre381-toolflow/proj/src/branchUnit.vhd
    Info (12022): Found design unit 1: branchUnit-structure File: /home/ahuggins/Desktop/381_Repo/Cpre381/cpre381-toolflow/proj/src/branchUnit.vhd Line: 25
    Info (12023): Found entity 1: branchUnit File: /home/ahuggins/Desktop/381_Repo/Cpre381/cpre381-toolflow/proj/src/branchUnit.vhd Line: 16
Info (12021): Found 2 design units, including 1 entities, in source file /home/ahuggins/Desktop/381_Repo/Cpre381/cpre381-toolflow/proj/src/controlUnit.vhd
    Info (12022): Found design unit 1: controlUnit-dataflow File: /home/ahuggins/Desktop/381_Repo/Cpre381/cpre381-toolflow/proj/src/controlUnit.vhd Line: 21
    Info (12023): Found entity 1: controlUnit File: /home/ahuggins/Desktop/381_Repo/Cpre381/cpre381-toolflow/proj/src/controlUnit.vhd Line: 13
Info (12021): Found 2 design units, including 1 entities, in source file /home/ahuggins/Desktop/381_Repo/Cpre381/cpre381-toolflow/proj/src/decoder5to32.vhd
    Info (12022): Found design unit 1: decoder5to32-dataflow File: /home/ahuggins/Desktop/381_Repo/Cpre381/cpre381-toolflow/proj/src/decoder5to32.vhd Line: 25
    Info (12023): Found entity 1: decoder5to32 File: /home/ahuggins/Desktop/381_Repo/Cpre381/cpre381-toolflow/proj/src/decoder5to32.vhd Line: 20
Info (12021): Found 2 design units, including 1 entities, in source file /home/ahuggins/Desktop/381_Repo/Cpre381/cpre381-toolflow/proj/src/df_mux2t1.vhd
    Info (12022): Found design unit 1: df_mux2t1-df_2t1 File: /home/ahuggins/Desktop/381_Repo/Cpre381/cpre381-toolflow/proj/src/df_mux2t1.vhd Line: 31
    Info (12023): Found entity 1: df_mux2t1 File: /home/ahuggins/Desktop/381_Repo/Cpre381/cpre381-toolflow/proj/src/df_mux2t1.vhd Line: 23
Info (12021): Found 2 design units, including 1 entities, in source file /home/ahuggins/Desktop/381_Repo/Cpre381/cpre381-toolflow/proj/src/dffg.vhd
    Info (12022): Found design unit 1: dffg-mixed File: /home/ahuggins/Desktop/381_Repo/Cpre381/cpre381-toolflow/proj/src/dffg.vhd Line: 33
    Info (12023): Found entity 1: dffg File: /home/ahuggins/Desktop/381_Repo/Cpre381/cpre381-toolflow/proj/src/dffg.vhd Line: 23
Info (12021): Found 2 design units, including 1 entities, in source file /home/ahuggins/Desktop/381_Repo/Cpre381/cpre381-toolflow/proj/src/dffg_N.vhd
    Info (12022): Found design unit 1: dffg_N-structural File: /home/ahuggins/Desktop/381_Repo/Cpre381/cpre381-toolflow/proj/src/dffg_N.vhd Line: 29
    Info (12023): Found entity 1: dffg_N File: /home/ahuggins/Desktop/381_Repo/Cpre381/cpre381-toolflow/proj/src/dffg_N.vhd Line: 20
Info (12021): Found 2 design units, including 1 entities, in source file /home/ahuggins/Desktop/381_Repo/Cpre381/cpre381-toolflow/proj/src/extender.vhd
    Info (12022): Found design unit 1: extender-behavioral File: /home/ahuggins/Desktop/381_Repo/Cpre381/cpre381-toolflow/proj/src/extender.vhd Line: 24
    Info (12023): Found entity 1: extender File: /home/ahuggins/Desktop/381_Repo/Cpre381/cpre381-toolflow/proj/src/extender.vhd Line: 14
Info (12021): Found 2 design units, including 1 entities, in source file /home/ahuggins/Desktop/381_Repo/Cpre381/cpre381-toolflow/proj/src/fetchUnit.vhd
    Info (12022): Found design unit 1: fetchUnit-structural File: /home/ahuggins/Desktop/381_Repo/Cpre381/cpre381-toolflow/proj/src/fetchUnit.vhd Line: 30
    Info (12023): Found entity 1: fetchUnit File: /home/ahuggins/Desktop/381_Repo/Cpre381/cpre381-toolflow/proj/src/fetchUnit.vhd Line: 13
Info (12021): Found 2 design units, including 1 entities, in source file /home/ahuggins/Desktop/381_Repo/Cpre381/cpre381-toolflow/proj/src/fullAdder.vhd
    Info (12022): Found design unit 1: fullAdder-structure File: /home/ahuggins/Desktop/381_Repo/Cpre381/cpre381-toolflow/proj/src/fullAdder.vhd Line: 25
    Info (12023): Found entity 1: fullAdder File: /home/ahuggins/Desktop/381_Repo/Cpre381/cpre381-toolflow/proj/src/fullAdder.vhd Line: 14
Info (12021): Found 2 design units, including 1 entities, in source file /home/ahuggins/Desktop/381_Repo/Cpre381/cpre381-toolflow/proj/src/invg.vhd
    Info (12022): Found design unit 1: invg-dataflow File: /home/ahuggins/Desktop/381_Repo/Cpre381/cpre381-toolflow/proj/src/invg.vhd Line: 30
    Info (12023): Found entity 1: invg File: /home/ahuggins/Desktop/381_Repo/Cpre381/cpre381-toolflow/proj/src/invg.vhd Line: 23
Info (12021): Found 2 design units, including 1 entities, in source file /home/ahuggins/Desktop/381_Repo/Cpre381/cpre381-toolflow/proj/src/logicalOpsUnit.vhd
    Info (12022): Found design unit 1: logicalOpsUnit-mixed File: /home/ahuggins/Desktop/381_Repo/Cpre381/cpre381-toolflow/proj/src/logicalOpsUnit.vhd Line: 24
    Info (12023): Found entity 1: logicalOpsUnit File: /home/ahuggins/Desktop/381_Repo/Cpre381/cpre381-toolflow/proj/src/logicalOpsUnit.vhd Line: 15
Info (12021): Found 2 design units, including 1 entities, in source file /home/ahuggins/Desktop/381_Repo/Cpre381/cpre381-toolflow/proj/src/lui.vhd
    Info (12022): Found design unit 1: lui-dataflow File: /home/ahuggins/Desktop/381_Repo/Cpre381/cpre381-toolflow/proj/src/lui.vhd Line: 21
    Info (12023): Found entity 1: lui File: /home/ahuggins/Desktop/381_Repo/Cpre381/cpre381-toolflow/proj/src/lui.vhd Line: 15
Info (12021): Found 2 design units, including 1 entities, in source file /home/ahuggins/Desktop/381_Repo/Cpre381/cpre381-toolflow/proj/src/mux2t1.vhd
    Info (12022): Found design unit 1: mux2t1-structure File: /home/ahuggins/Desktop/381_Repo/Cpre381/cpre381-toolflow/proj/src/mux2t1.vhd Line: 30
    Info (12023): Found entity 1: mux2t1 File: /home/ahuggins/Desktop/381_Repo/Cpre381/cpre381-toolflow/proj/src/mux2t1.vhd Line: 21
Info (12021): Found 2 design units, including 1 entities, in source file /home/ahuggins/Desktop/381_Repo/Cpre381/cpre381-toolflow/proj/src/mux2t1_6.vhd
    Info (12022): Found design unit 1: mux2t1_6-structural File: /home/ahuggins/Desktop/381_Repo/Cpre381/cpre381-toolflow/proj/src/mux2t1_6.vhd Line: 26
    Info (12023): Found entity 1: mux2t1_6 File: /home/ahuggins/Desktop/381_Repo/Cpre381/cpre381-toolflow/proj/src/mux2t1_6.vhd Line: 17
Info (12021): Found 2 design units, including 1 entities, in source file /home/ahuggins/Desktop/381_Repo/Cpre381/cpre381-toolflow/proj/src/mux2t1_N.vhd
    Info (12022): Found design unit 1: mux2t1_N-structural File: /home/ahuggins/Desktop/381_Repo/Cpre381/cpre381-toolflow/proj/src/mux2t1_N.vhd Line: 26
    Info (12023): Found entity 1: mux2t1_N File: /home/ahuggins/Desktop/381_Repo/Cpre381/cpre381-toolflow/proj/src/mux2t1_N.vhd Line: 17
Info (12021): Found 2 design units, including 1 entities, in source file /home/ahuggins/Desktop/381_Repo/Cpre381/cpre381-toolflow/proj/src/mux32t1.vhd
    Info (12022): Found design unit 1: mux32t1-dataflow File: /home/ahuggins/Desktop/381_Repo/Cpre381/cpre381-toolflow/proj/src/mux32t1.vhd Line: 57
    Info (12023): Found entity 1: mux32t1 File: /home/ahuggins/Desktop/381_Repo/Cpre381/cpre381-toolflow/proj/src/mux32t1.vhd Line: 20
Info (12021): Found 2 design units, including 1 entities, in source file /home/ahuggins/Desktop/381_Repo/Cpre381/cpre381-toolflow/proj/src/norg2.vhd
    Info (12022): Found design unit 1: norg2-dataflow File: /home/ahuggins/Desktop/381_Repo/Cpre381/cpre381-toolflow/proj/src/norg2.vhd Line: 23
    Info (12023): Found entity 1: norg2 File: /home/ahuggins/Desktop/381_Repo/Cpre381/cpre381-toolflow/proj/src/norg2.vhd Line: 15
Info (12021): Found 2 design units, including 1 entities, in source file /home/ahuggins/Desktop/381_Repo/Cpre381/cpre381-toolflow/proj/src/norg_N.vhd
    Info (12022): Found design unit 1: norg_N-structural File: /home/ahuggins/Desktop/381_Repo/Cpre381/cpre381-toolflow/proj/src/norg_N.vhd Line: 24
    Info (12023): Found entity 1: norg_N File: /home/ahuggins/Desktop/381_Repo/Cpre381/cpre381-toolflow/proj/src/norg_N.vhd Line: 17
Info (12021): Found 2 design units, including 1 entities, in source file /home/ahuggins/Desktop/381_Repo/Cpre381/cpre381-toolflow/proj/src/onesComp.vhd
    Info (12022): Found design unit 1: onesComp-structural File: /home/ahuggins/Desktop/381_Repo/Cpre381/cpre381-toolflow/proj/src/onesComp.vhd Line: 23
    Info (12023): Found entity 1: onesComp File: /home/ahuggins/Desktop/381_Repo/Cpre381/cpre381-toolflow/proj/src/onesComp.vhd Line: 17
Info (12021): Found 2 design units, including 1 entities, in source file /home/ahuggins/Desktop/381_Repo/Cpre381/cpre381-toolflow/proj/src/org2.vhd
    Info (12022): Found design unit 1: org2-dataflow File: /home/ahuggins/Desktop/381_Repo/Cpre381/cpre381-toolflow/proj/src/org2.vhd Line: 31
    Info (12023): Found entity 1: org2 File: /home/ahuggins/Desktop/381_Repo/Cpre381/cpre381-toolflow/proj/src/org2.vhd Line: 23
Info (12021): Found 2 design units, including 1 entities, in source file /home/ahuggins/Desktop/381_Repo/Cpre381/cpre381-toolflow/proj/src/org_N.vhd
    Info (12022): Found design unit 1: org_N-structural File: /home/ahuggins/Desktop/381_Repo/Cpre381/cpre381-toolflow/proj/src/org_N.vhd Line: 24
    Info (12023): Found entity 1: org_N File: /home/ahuggins/Desktop/381_Repo/Cpre381/cpre381-toolflow/proj/src/org_N.vhd Line: 17
Info (12021): Found 2 design units, including 1 entities, in source file /home/ahuggins/Desktop/381_Repo/Cpre381/cpre381-toolflow/proj/src/replqb.vhd
    Info (12022): Found design unit 1: replqb-dataflow File: /home/ahuggins/Desktop/381_Repo/Cpre381/cpre381-toolflow/proj/src/replqb.vhd Line: 22
    Info (12023): Found entity 1: replqb File: /home/ahuggins/Desktop/381_Repo/Cpre381/cpre381-toolflow/proj/src/replqb.vhd Line: 15
Info (12021): Found 2 design units, including 1 entities, in source file /home/ahuggins/Desktop/381_Repo/Cpre381/cpre381-toolflow/proj/src/slt.vhd
    Info (12022): Found design unit 1: slt-dataflow File: /home/ahuggins/Desktop/381_Repo/Cpre381/cpre381-toolflow/proj/src/slt.vhd Line: 23
    Info (12023): Found entity 1: slt File: /home/ahuggins/Desktop/381_Repo/Cpre381/cpre381-toolflow/proj/src/slt.vhd Line: 16
Info (12021): Found 2 design units, including 1 entities, in source file /home/ahuggins/Desktop/381_Repo/Cpre381/cpre381-toolflow/proj/src/upgradedALU.vhd
    Info (12022): Found design unit 1: upgradedALU-mixed File: /home/ahuggins/Desktop/381_Repo/Cpre381/cpre381-toolflow/proj/src/upgradedALU.vhd Line: 28
    Info (12023): Found entity 1: upgradedALU File: /home/ahuggins/Desktop/381_Repo/Cpre381/cpre381-toolflow/proj/src/upgradedALU.vhd Line: 15
Info (12021): Found 2 design units, including 1 entities, in source file /home/ahuggins/Desktop/381_Repo/Cpre381/cpre381-toolflow/proj/src/xorg2.vhd
    Info (12022): Found design unit 1: xorg2-dataflow File: /home/ahuggins/Desktop/381_Repo/Cpre381/cpre381-toolflow/proj/src/xorg2.vhd Line: 29
    Info (12023): Found entity 1: xorg2 File: /home/ahuggins/Desktop/381_Repo/Cpre381/cpre381-toolflow/proj/src/xorg2.vhd Line: 21
Info (12021): Found 2 design units, including 1 entities, in source file /home/ahuggins/Desktop/381_Repo/Cpre381/cpre381-toolflow/proj/src/xorg_N.vhd
    Info (12022): Found design unit 1: xorg_N-structural File: /home/ahuggins/Desktop/381_Repo/Cpre381/cpre381-toolflow/proj/src/xorg_N.vhd Line: 24
    Info (12023): Found entity 1: xorg_N File: /home/ahuggins/Desktop/381_Repo/Cpre381/cpre381-toolflow/proj/src/xorg_N.vhd Line: 17
Info (12127): Elaborating entity "MIPS_Processor" for the top level hierarchy
Warning (10036): Verilog HDL or VHDL warning at MIPS_Processor.vhd(58): object "s_Halt" assigned a value but never read File: /home/ahuggins/Desktop/381_Repo/Cpre381/cpre381-toolflow/proj/src/TopLevel/MIPS_Processor.vhd Line: 58
Warning (10036): Verilog HDL or VHDL warning at MIPS_Processor.vhd(61): object "s_Ovfl" assigned a value but never read File: /home/ahuggins/Desktop/381_Repo/Cpre381/cpre381-toolflow/proj/src/TopLevel/MIPS_Processor.vhd Line: 61
Warning (10036): Verilog HDL or VHDL warning at MIPS_Processor.vhd(202): object "s_Carry" assigned a value but never read File: /home/ahuggins/Desktop/381_Repo/Cpre381/cpre381-toolflow/proj/src/TopLevel/MIPS_Processor.vhd Line: 202
Info (12128): Elaborating entity "mem" for hierarchy "mem:IMem" File: /home/ahuggins/Desktop/381_Repo/Cpre381/cpre381-toolflow/proj/src/TopLevel/MIPS_Processor.vhd Line: 218
Info (12128): Elaborating entity "controlUnit" for hierarchy "controlUnit:controlUnit1" File: /home/ahuggins/Desktop/381_Repo/Cpre381/cpre381-toolflow/proj/src/TopLevel/MIPS_Processor.vhd Line: 249
Info (12128): Elaborating entity "mux2t1_6" for hierarchy "mux2t1_6:mux2t1_6_0" File: /home/ahuggins/Desktop/381_Repo/Cpre381/cpre381-toolflow/proj/src/TopLevel/MIPS_Processor.vhd Line: 271
Info (12128): Elaborating entity "mux2t1" for hierarchy "mux2t1_6:mux2t1_6_0|mux2t1:\G_NBit_MUX:0:MUXI" File: /home/ahuggins/Desktop/381_Repo/Cpre381/cpre381-toolflow/proj/src/mux2t1_6.vhd Line: 39
Info (12128): Elaborating entity "invg" for hierarchy "mux2t1_6:mux2t1_6_0|mux2t1:\G_NBit_MUX:0:MUXI|invg:not_S" File: /home/ahuggins/Desktop/381_Repo/Cpre381/cpre381-toolflow/proj/src/mux2t1.vhd Line: 67
Info (12128): Elaborating entity "andg2" for hierarchy "mux2t1_6:mux2t1_6_0|mux2t1:\G_NBit_MUX:0:MUXI|andg2:and_0" File: /home/ahuggins/Desktop/381_Repo/Cpre381/cpre381-toolflow/proj/src/mux2t1.vhd Line: 74
Info (12128): Elaborating entity "org2" for hierarchy "mux2t1_6:mux2t1_6_0|mux2t1:\G_NBit_MUX:0:MUXI|org2:or_0" File: /home/ahuggins/Desktop/381_Repo/Cpre381/cpre381-toolflow/proj/src/mux2t1.vhd Line: 87
Info (12128): Elaborating entity "mux2t1_N" for hierarchy "mux2t1_N:mux2t1_2" File: /home/ahuggins/Desktop/381_Repo/Cpre381/cpre381-toolflow/proj/src/TopLevel/MIPS_Processor.vhd Line: 283
Info (12128): Elaborating entity "fetchUnit" for hierarchy "fetchUnit:fetchUnit0" File: /home/ahuggins/Desktop/381_Repo/Cpre381/cpre381-toolflow/proj/src/TopLevel/MIPS_Processor.vhd Line: 302
Warning (10036): Verilog HDL or VHDL warning at fetchUnit.vhd(50): object "s_carry0" assigned a value but never read File: /home/ahuggins/Desktop/381_Repo/Cpre381/cpre381-toolflow/proj/src/fetchUnit.vhd Line: 50
Warning (10036): Verilog HDL or VHDL warning at fetchUnit.vhd(51): object "s_carry1" assigned a value but never read File: /home/ahuggins/Desktop/381_Repo/Cpre381/cpre381-toolflow/proj/src/fetchUnit.vhd Line: 51
Info (12128): Elaborating entity "adder_N" for hierarchy "fetchUnit:fetchUnit0|adder_N:g_Adder0" File: /home/ahuggins/Desktop/381_Repo/Cpre381/cpre381-toolflow/proj/src/fetchUnit.vhd Line: 66
Info (12128): Elaborating entity "fullAdder" for hierarchy "fetchUnit:fetchUnit0|adder_N:g_Adder0|fullAdder:ADDER_0" File: /home/ahuggins/Desktop/381_Repo/Cpre381/cpre381-toolflow/proj/src/adder_N.vhd Line: 38
Info (12128): Elaborating entity "xorg2" for hierarchy "fetchUnit:fetchUnit0|adder_N:g_Adder0|fullAdder:ADDER_0|xorg2:xor_0" File: /home/ahuggins/Desktop/381_Repo/Cpre381/cpre381-toolflow/proj/src/fullAdder.vhd Line: 62
Info (12128): Elaborating entity "mux2t1_N" for hierarchy "fetchUnit:fetchUnit0|mux2t1_N:g_branchMUX" File: /home/ahuggins/Desktop/381_Repo/Cpre381/cpre381-toolflow/proj/src/fetchUnit.vhd Line: 92
Info (12128): Elaborating entity "MIPS_Reg_File1" for hierarchy "MIPS_Reg_File1:RegisterFile" File: /home/ahuggins/Desktop/381_Repo/Cpre381/cpre381-toolflow/proj/src/TopLevel/MIPS_Processor.vhd Line: 320
Info (12128): Elaborating entity "decoder5to32" for hierarchy "MIPS_Reg_File1:RegisterFile|decoder5to32:g_5to32decoder" File: /home/ahuggins/Desktop/381_Repo/Cpre381/cpre381-toolflow/proj/src/MIPS_Reg_File1.vhd Line: 151
Info (12128): Elaborating entity "dffg_N" for hierarchy "MIPS_Reg_File1:RegisterFile|dffg_N:\G_NBit_DFFG:0:g_dffg_0" File: /home/ahuggins/Desktop/381_Repo/Cpre381/cpre381-toolflow/proj/src/MIPS_Reg_File1.vhd Line: 168
Info (12128): Elaborating entity "dffg" for hierarchy "MIPS_Reg_File1:RegisterFile|dffg_N:\G_NBit_DFFG:0:g_dffg_0|dffg:\G_NBit_DFFG:0:DFFG_N0" File: /home/ahuggins/Desktop/381_Repo/Cpre381/cpre381-toolflow/proj/src/dffg_N.vhd Line: 43
Info (12128): Elaborating entity "mux32t1" for hierarchy "MIPS_Reg_File1:RegisterFile|mux32t1:g_Mux1" File: /home/ahuggins/Desktop/381_Repo/Cpre381/cpre381-toolflow/proj/src/MIPS_Reg_File1.vhd Line: 179
Info (12128): Elaborating entity "extender" for hierarchy "extender:SignExtender" File: /home/ahuggins/Desktop/381_Repo/Cpre381/cpre381-toolflow/proj/src/TopLevel/MIPS_Processor.vhd Line: 331
Info (12128): Elaborating entity "upgradedALU" for hierarchy "upgradedALU:ALU" File: /home/ahuggins/Desktop/381_Repo/Cpre381/cpre381-toolflow/proj/src/TopLevel/MIPS_Processor.vhd Line: 351
Info (12128): Elaborating entity "adderSub_N" for hierarchy "upgradedALU:ALU|adderSub_N:adderSub1" File: /home/ahuggins/Desktop/381_Repo/Cpre381/cpre381-toolflow/proj/src/upgradedALU.vhd Line: 104
Info (12128): Elaborating entity "onesComp" for hierarchy "upgradedALU:ALU|adderSub_N:adderSub1|onesComp:inv_select" File: /home/ahuggins/Desktop/381_Repo/Cpre381/cpre381-toolflow/proj/src/adderSub_N.vhd Line: 76
Info (12128): Elaborating entity "norg2" for hierarchy "upgradedALU:ALU|norg2:g_norg" File: /home/ahuggins/Desktop/381_Repo/Cpre381/cpre381-toolflow/proj/src/upgradedALU.vhd Line: 115
Info (12128): Elaborating entity "barrelShifter" for hierarchy "upgradedALU:ALU|barrelShifter:barrelShifter1" File: /home/ahuggins/Desktop/381_Repo/Cpre381/cpre381-toolflow/proj/src/upgradedALU.vhd Line: 130
Info (12128): Elaborating entity "logicalOpsUnit" for hierarchy "upgradedALU:ALU|logicalOpsUnit:logicalOpsUnit1" File: /home/ahuggins/Desktop/381_Repo/Cpre381/cpre381-toolflow/proj/src/upgradedALU.vhd Line: 138
Info (12128): Elaborating entity "xorg_N" for hierarchy "upgradedALU:ALU|logicalOpsUnit:logicalOpsUnit1|xorg_N:xorg" File: /home/ahuggins/Desktop/381_Repo/Cpre381/cpre381-toolflow/proj/src/logicalOpsUnit.vhd Line: 112
Info (12128): Elaborating entity "org_N" for hierarchy "upgradedALU:ALU|logicalOpsUnit:logicalOpsUnit1|org_N:org" File: /home/ahuggins/Desktop/381_Repo/Cpre381/cpre381-toolflow/proj/src/logicalOpsUnit.vhd Line: 118
Info (12128): Elaborating entity "norg_N" for hierarchy "upgradedALU:ALU|logicalOpsUnit:logicalOpsUnit1|norg_N:norg" File: /home/ahuggins/Desktop/381_Repo/Cpre381/cpre381-toolflow/proj/src/logicalOpsUnit.vhd Line: 124
Info (12128): Elaborating entity "andg_N" for hierarchy "upgradedALU:ALU|logicalOpsUnit:logicalOpsUnit1|andg_N:andg" File: /home/ahuggins/Desktop/381_Repo/Cpre381/cpre381-toolflow/proj/src/logicalOpsUnit.vhd Line: 130
Info (12128): Elaborating entity "slt" for hierarchy "upgradedALU:ALU|logicalOpsUnit:logicalOpsUnit1|slt:slt1" File: /home/ahuggins/Desktop/381_Repo/Cpre381/cpre381-toolflow/proj/src/logicalOpsUnit.vhd Line: 136
Info (12128): Elaborating entity "replqb" for hierarchy "upgradedALU:ALU|logicalOpsUnit:logicalOpsUnit1|replqb:replqb1" File: /home/ahuggins/Desktop/381_Repo/Cpre381/cpre381-toolflow/proj/src/logicalOpsUnit.vhd Line: 142
Info (12128): Elaborating entity "lui" for hierarchy "upgradedALU:ALU|logicalOpsUnit:logicalOpsUnit1|lui:LUI1" File: /home/ahuggins/Desktop/381_Repo/Cpre381/cpre381-toolflow/proj/src/logicalOpsUnit.vhd Line: 147
Info (12128): Elaborating entity "branchUnit" for hierarchy "upgradedALU:ALU|branchUnit:branchUnit1" File: /home/ahuggins/Desktop/381_Repo/Cpre381/cpre381-toolflow/proj/src/upgradedALU.vhd Line: 145
Info (12128): Elaborating entity "beq" for hierarchy "upgradedALU:ALU|branchUnit:branchUnit1|beq:beq_block" File: /home/ahuggins/Desktop/381_Repo/Cpre381/cpre381-toolflow/proj/src/branchUnit.vhd Line: 55
Info (12128): Elaborating entity "bne" for hierarchy "upgradedALU:ALU|branchUnit:branchUnit1|bne:bne_block" File: /home/ahuggins/Desktop/381_Repo/Cpre381/cpre381-toolflow/proj/src/branchUnit.vhd Line: 60
Info (276014): Found 2 instances of uninferred RAM logic
    Info (276007): RAM logic "mem:IMem|ram" is uninferred due to asynchronous read logic File: /home/ahuggins/Desktop/381_Repo/Cpre381/cpre381-toolflow/proj/src/TopLevel/mem.vhd Line: 35
    Info (276007): RAM logic "mem:DMem|ram" is uninferred due to asynchronous read logic File: /home/ahuggins/Desktop/381_Repo/Cpre381/cpre381-toolflow/proj/src/TopLevel/mem.vhd Line: 35
Warning (276002): Cannot convert all sets of registers into RAM megafunctions when creating nodes; therefore, the resulting number of registers remaining in design can cause longer compilation time or result in insufficient memory to complete Analysis and Synthesis
Info (286030): Timing-Driven Synthesis is running
Info (16010): Generating hard_block partition "hard_block:auto_generated_inst"
    Info (16011): Adding 0 node(s), including 0 DDIO, 0 PLL, 0 transceiver and 0 LCELL
Warning (21074): Design contains 22 input pin(s) that do not drive logic
    Warning (15610): No output dependent on input pin "iInstAddr[0]" File: /home/ahuggins/Desktop/381_Repo/Cpre381/cpre381-toolflow/proj/src/TopLevel/MIPS_Processor.vhd Line: 31
    Warning (15610): No output dependent on input pin "iInstAddr[1]" File: /home/ahuggins/Desktop/381_Repo/Cpre381/cpre381-toolflow/proj/src/TopLevel/MIPS_Processor.vhd Line: 31
    Warning (15610): No output dependent on input pin "iInstAddr[12]" File: /home/ahuggins/Desktop/381_Repo/Cpre381/cpre381-toolflow/proj/src/TopLevel/MIPS_Processor.vhd Line: 31
    Warning (15610): No output dependent on input pin "iInstAddr[13]" File: /home/ahuggins/Desktop/381_Repo/Cpre381/cpre381-toolflow/proj/src/TopLevel/MIPS_Processor.vhd Line: 31
    Warning (15610): No output dependent on input pin "iInstAddr[14]" File: /home/ahuggins/Desktop/381_Repo/Cpre381/cpre381-toolflow/proj/src/TopLevel/MIPS_Processor.vhd Line: 31
    Warning (15610): No output dependent on input pin "iInstAddr[15]" File: /home/ahuggins/Desktop/381_Repo/Cpre381/cpre381-toolflow/proj/src/TopLevel/MIPS_Processor.vhd Line: 31
    Warning (15610): No output dependent on input pin "iInstAddr[16]" File: /home/ahuggins/Desktop/381_Repo/Cpre381/cpre381-toolflow/proj/src/TopLevel/MIPS_Processor.vhd Line: 31
    Warning (15610): No output dependent on input pin "iInstAddr[17]" File: /home/ahuggins/Desktop/381_Repo/Cpre381/cpre381-toolflow/proj/src/TopLevel/MIPS_Processor.vhd Line: 31
    Warning (15610): No output dependent on input pin "iInstAddr[18]" File: /home/ahuggins/Desktop/381_Repo/Cpre381/cpre381-toolflow/proj/src/TopLevel/MIPS_Processor.vhd Line: 31
    Warning (15610): No output dependent on input pin "iInstAddr[19]" File: /home/ahuggins/Desktop/381_Repo/Cpre381/cpre381-toolflow/proj/src/TopLevel/MIPS_Processor.vhd Line: 31
    Warning (15610): No output dependent on input pin "iInstAddr[20]" File: /home/ahuggins/Desktop/381_Repo/Cpre381/cpre381-toolflow/proj/src/TopLevel/MIPS_Processor.vhd Line: 31
    Warning (15610): No output dependent on input pin "iInstAddr[21]" File: /home/ahuggins/Desktop/381_Repo/Cpre381/cpre381-toolflow/proj/src/TopLevel/MIPS_Processor.vhd Line: 31
    Warning (15610): No output dependent on input pin "iInstAddr[22]" File: /home/ahuggins/Desktop/381_Repo/Cpre381/cpre381-toolflow/proj/src/TopLevel/MIPS_Processor.vhd Line: 31
    Warning (15610): No output dependent on input pin "iInstAddr[23]" File: /home/ahuggins/Desktop/381_Repo/Cpre381/cpre381-toolflow/proj/src/TopLevel/MIPS_Processor.vhd Line: 31
    Warning (15610): No output dependent on input pin "iInstAddr[24]" File: /home/ahuggins/Desktop/381_Repo/Cpre381/cpre381-toolflow/proj/src/TopLevel/MIPS_Processor.vhd Line: 31
    Warning (15610): No output dependent on input pin "iInstAddr[25]" File: /home/ahuggins/Desktop/381_Repo/Cpre381/cpre381-toolflow/proj/src/TopLevel/MIPS_Processor.vhd Line: 31
    Warning (15610): No output dependent on input pin "iInstAddr[26]" File: /home/ahuggins/Desktop/381_Repo/Cpre381/cpre381-toolflow/proj/src/TopLevel/MIPS_Processor.vhd Line: 31
    Warning (15610): No output dependent on input pin "iInstAddr[27]" File: /home/ahuggins/Desktop/381_Repo/Cpre381/cpre381-toolflow/proj/src/TopLevel/MIPS_Processor.vhd Line: 31
    Warning (15610): No output dependent on input pin "iInstAddr[28]" File: /home/ahuggins/Desktop/381_Repo/Cpre381/cpre381-toolflow/proj/src/TopLevel/MIPS_Processor.vhd Line: 31
    Warning (15610): No output dependent on input pin "iInstAddr[29]" File: /home/ahuggins/Desktop/381_Repo/Cpre381/cpre381-toolflow/proj/src/TopLevel/MIPS_Processor.vhd Line: 31
    Warning (15610): No output dependent on input pin "iInstAddr[30]" File: /home/ahuggins/Desktop/381_Repo/Cpre381/cpre381-toolflow/proj/src/TopLevel/MIPS_Processor.vhd Line: 31
    Warning (15610): No output dependent on input pin "iInstAddr[31]" File: /home/ahuggins/Desktop/381_Repo/Cpre381/cpre381-toolflow/proj/src/TopLevel/MIPS_Processor.vhd Line: 31
Info (21057): Implemented 114815 device resources after synthesis - the final resource count might be different
    Info (21058): Implemented 67 input pins
    Info (21059): Implemented 32 output pins
    Info (21061): Implemented 114716 logic cells
Info: Quartus Prime Analysis & Synthesis was successful. 0 errors, 30 warnings
    Info: Peak virtual memory: 1141 megabytes
    Info: Processing ended: Thu Dec  8 22:20:38 2022
    Info: Elapsed time: 00:08:52
    Info: Total CPU time (on all processors): 00:09:02
Info: *******************************************************************
Info: Running Quartus Prime Fitter
    Info: Version 20.1.1 Build 720 11/11/2020 SJ Standard Edition
    Info: Copyright (C) 2020  Intel Corporation. All rights reserved.
    Info: Your use of Intel Corporation's design tools, logic functions 
    Info: and other software and tools, and any partner logic 
    Info: functions, and any output files from any of the foregoing 
    Info: (including device programming or simulation files), and any 
    Info: associated documentation or information are expressly subject 
    Info: to the terms and conditions of the Intel Program License 
    Info: Subscription Agreement, the Intel Quartus Prime License Agreement,
    Info: the Intel FPGA IP License Agreement, or other applicable license
    Info: agreement, including, without limitation, that your use is for
    Info: the sole purpose of programming logic devices manufactured by
    Info: Intel and sold by Intel or its authorized distributors.  Please
    Info: refer to the applicable agreement for further details, at
    Info: https://fpgasoftware.intel.com/eula.
    Info: Processing started: Thu Dec  8 22:20:39 2022
Info: Command: quartus_fit --read_settings_files=on --write_settings_files=off toolflow -c toolflow
Info: qfit2_default_script.tcl version: #1
Info: Project  = toolflow
Info: Revision = toolflow
Warning (18236): Number of processors has not been specified which may cause overloading on shared machines.  Set the global assignment NUM_PARALLEL_PROCESSORS in your QSF to an appropriate value for best performance.
Info (20030): Parallel compilation is enabled and will use 12 of the 12 processors detected
Info (119006): Selected device EP4CE115F29C7 for design "toolflow"
Info (21076): High junction temperature operating condition is not set. Assuming a default value of '85'.
Info (21076): Low junction temperature operating condition is not set. Assuming a default value of '0'.
Info (171003): Fitter is performing an Auto Fit compilation, which may decrease Fitter effort to reduce compilation time
Info (176444): Device migration not selected. If you intend to use device migration later, you may need to change the pin assignments as they may be incompatible with other devices
    Info (176445): Device EP4CE40F29C7 is compatible
    Info (176445): Device EP4CE40F29I7 is compatible
    Info (176445): Device EP4CE30F29C7 is compatible
    Info (176445): Device EP4CE30F29I7 is compatible
    Info (176445): Device EP4CE55F29C7 is compatible
    Info (176445): Device EP4CE55F29I7 is compatible
    Info (176445): Device EP4CE75F29C7 is compatible
    Info (176445): Device EP4CE75F29I7 is compatible
    Info (176445): Device EP4CE115F29I7 is compatible
Info (169124): Fitter converted 5 user pins into dedicated programming pins
    Info (169125): Pin ~ALTERA_ASDO_DATA1~ is reserved at location F4
    Info (169125): Pin ~ALTERA_FLASH_nCE_nCSO~ is reserved at location E2
    Info (169125): Pin ~ALTERA_DCLK~ is reserved at location P3
    Info (169125): Pin ~ALTERA_DATA0~ is reserved at location N7
    Info (169125): Pin ~ALTERA_nCEO~ is reserved at location P28
Warning (15714): Some pins have incomplete I/O assignments. Refer to the I/O Assignment Warnings report for details
Critical Warning (169085): No exact pin location assignment(s) for 99 pins of 99 total pins. For the list of pins please refer to the I/O Assignment Warnings table in the fitter report.
Info (332104): Reading SDC File: 'toolflow.sdc'
Info (332129): Detected timing requirements -- optimizing circuit to achieve only the specified requirements
Info (332111): Found 1 clocks
    Info (332111):   Period   Clock Name
    Info (332111): ======== ============
    Info (332111):   20.000         iCLK
Info (176353): Automatically promoted node iCLK~input (placed in PIN J1 (CLK1, DIFFCLK_0n)) File: /home/ahuggins/Desktop/381_Repo/Cpre381/cpre381-toolflow/proj/src/TopLevel/MIPS_Processor.vhd Line: 28
    Info (176355): Automatically promoted destinations to use location or clock signal Global Clock CLKCTRL_G2
Info (176353): Automatically promoted node iRST~input (placed in PIN Y2 (CLK2, DIFFCLK_1p)) File: /home/ahuggins/Desktop/381_Repo/Cpre381/cpre381-toolflow/proj/src/TopLevel/MIPS_Processor.vhd Line: 29
    Info (176355): Automatically promoted destinations to use location or clock signal Global Clock CLKCTRL_G4
    Info (176356): Following destination nodes may be non-global or may not use global or regional clocks
        Info (176357): Destination node fetchUnit:fetchUnit0|pcOut[2] File: /home/ahuggins/Desktop/381_Repo/Cpre381/cpre381-toolflow/proj/src/fetchUnit.vhd Line: 120
        Info (176357): Destination node fetchUnit:fetchUnit0|pcOut[3] File: /home/ahuggins/Desktop/381_Repo/Cpre381/cpre381-toolflow/proj/src/fetchUnit.vhd Line: 120
        Info (176357): Destination node fetchUnit:fetchUnit0|pcOut[4] File: /home/ahuggins/Desktop/381_Repo/Cpre381/cpre381-toolflow/proj/src/fetchUnit.vhd Line: 120
        Info (176357): Destination node fetchUnit:fetchUnit0|pcOut[5] File: /home/ahuggins/Desktop/381_Repo/Cpre381/cpre381-toolflow/proj/src/fetchUnit.vhd Line: 120
        Info (176357): Destination node fetchUnit:fetchUnit0|pcOut[6] File: /home/ahuggins/Desktop/381_Repo/Cpre381/cpre381-toolflow/proj/src/fetchUnit.vhd Line: 120
        Info (176357): Destination node fetchUnit:fetchUnit0|pcOut[7] File: /home/ahuggins/Desktop/381_Repo/Cpre381/cpre381-toolflow/proj/src/fetchUnit.vhd Line: 120
        Info (176357): Destination node fetchUnit:fetchUnit0|pcOut[8] File: /home/ahuggins/Desktop/381_Repo/Cpre381/cpre381-toolflow/proj/src/fetchUnit.vhd Line: 120
        Info (176357): Destination node fetchUnit:fetchUnit0|pcOut[9] File: /home/ahuggins/Desktop/381_Repo/Cpre381/cpre381-toolflow/proj/src/fetchUnit.vhd Line: 120
        Info (176357): Destination node fetchUnit:fetchUnit0|pcOut[10] File: /home/ahuggins/Desktop/381_Repo/Cpre381/cpre381-toolflow/proj/src/fetchUnit.vhd Line: 120
        Info (176357): Destination node fetchUnit:fetchUnit0|pcOut[11] File: /home/ahuggins/Desktop/381_Repo/Cpre381/cpre381-toolflow/proj/src/fetchUnit.vhd Line: 120
        Info (176358): Non-global destination nodes limited to 10 nodes
Info (176233): Starting register packing
Info (176235): Finished register packing
    Extra Info (176219): No registers were packed into other blocks
Info (176214): Statistics of I/O pins that need to be placed that use the same VCCIO and VREF, before I/O pin placement
    Info (176211): Number of I/O pins in group: 97 (unused VREF, 2.5V VCCIO, 65 input, 32 output, 0 bidirectional)
        Info (176212): I/O standards used: 2.5 V.
Info (176215): I/O bank details before I/O pin placement
    Info (176214): Statistics of I/O banks
        Info (176213): I/O bank number 1 does not use VREF pins and has undetermined VCCIO pins. 5 total pin(s) used --  51 pins available
        Info (176213): I/O bank number 2 does not use VREF pins and has undetermined VCCIO pins. 1 total pin(s) used --  62 pins available
        Info (176213): I/O bank number 3 does not use VREF pins and has undetermined VCCIO pins. 0 total pin(s) used --  73 pins available
        Info (176213): I/O bank number 4 does not use VREF pins and has undetermined VCCIO pins. 0 total pin(s) used --  71 pins available
        Info (176213): I/O bank number 5 does not use VREF pins and has undetermined VCCIO pins. 0 total pin(s) used --  65 pins available
        Info (176213): I/O bank number 6 does not use VREF pins and has undetermined VCCIO pins. 1 total pin(s) used --  57 pins available
        Info (176213): I/O bank number 7 does not use VREF pins and has undetermined VCCIO pins. 0 total pin(s) used --  72 pins available
        Info (176213): I/O bank number 8 does not use VREF pins and has undetermined VCCIO pins. 0 total pin(s) used --  71 pins available
Info (171121): Fitter preparation operations ending: elapsed time is 00:02:44
Info (14896): Fitter has disabled Advanced Physical Optimization because it is not supported for the current family.
Info (170189): Fitter placement preparation operations beginning
Info (170190): Fitter placement preparation operations ending: elapsed time is 00:00:31
Info (170191): Fitter placement operations beginning
Info (170137): Fitter placement was successful
Info (170192): Fitter placement operations ending: elapsed time is 00:05:26
Info (170193): Fitter routing operations beginning
