QuestaSim-64 vcom 2022.2 Compiler 2022.04 Apr 25 2022
Start time: 21:59:00 on Dec 08,2022
vcom -2008 -work internal/ModelSimContainer/work proj/src/MIPS_types.vhd internal/testpy/tb.vhd proj/src/beq.vhd proj/src/xorg_N.vhd proj/src/mux32t1.vhd proj/src/norg_N.vhd proj/src/invg.vhd proj/src/MIPS_Reg_File1.vhd proj/src/dffg_N.vhd proj/src/adderSub_N.vhd proj/src/extender.vhd proj/src/decoder5to32.vhd proj/src/xorg2.vhd proj/src/upgradedALU.vhd proj/src/MIPS_types.vhd proj/src/slt.vhd proj/src/mux2t1.vhd proj/src/controlUnit.vhd proj/src/barrelShifter.vhd proj/src/onesComp.vhd proj/src/adder_N.vhd proj/src/org_N.vhd proj/src/branchUnit.vhd proj/src/andg_N.vhd proj/src/norg2.vhd proj/src/fetchUnit.vhd proj/src/Multiplier.vhd proj/src/PC.vhd proj/src/replqb.vhd proj/src/andg2.vhd proj/src/logicalOpsUnit.vhd proj/src/fullAdder.vhd proj/src/mux2t1_N.vhd proj/src/bne.vhd proj/src/Adder.vhd proj/src/lui.vhd proj/src/df_mux2t1.vhd proj/src/org2.vhd proj/src/mux2t1_6.vhd proj/src/dffg.vhd proj/src/TopLevel/mem.vhd proj/src/TopLevel/MIPS_Processor.vhd 
-- Loading package STANDARD
-- Loading package TEXTIO
-- Loading package std_logic_1164
-- Compiling package MIPS_types
-- Compiling package body MIPS_types
-- Loading package MIPS_types
-- Loading package std_logic_textio
-- Loading package ENV
-- Compiling entity tb
-- Compiling architecture mixed of tb
-- Compiling entity beq
-- Compiling architecture dataflow of beq
-- Compiling entity xorg_N
-- Compiling architecture structural of xorg_N
-- Compiling entity mux32t1
-- Compiling architecture dataflow of mux32t1
-- Compiling entity norg_N
-- Compiling architecture structural of norg_N
-- Compiling entity invg
-- Compiling architecture dataflow of invg
-- Compiling entity MIPS_Reg_File1
-- Compiling architecture structure of MIPS_Reg_File1
-- Loading package NUMERIC_STD
-- Compiling entity dffg_N
-- Compiling architecture structural of dffg_N
-- Compiling entity adderSub_N
-- Compiling architecture structure of adderSub_N
-- Compiling entity extender
-- Compiling architecture behavioral of extender
-- Compiling entity decoder5to32
-- Compiling architecture dataflow of decoder5to32
-- Compiling entity xorg2
-- Compiling architecture dataflow of xorg2
-- Compiling entity upgradedALU
-- Compiling architecture mixed of upgradedALU
** Warning: proj/src/MIPS_types.vhd(15): (vcom-1615) Existing package 'MIPS_types' at line 15 will be overwritten.
-- Compiling package MIPS_types
** Warning: proj/src/MIPS_types.vhd(29): (vcom-1615) Existing package body 'MIPS_types(body)' at line 29 will be overwritten.
-- Compiling package body MIPS_types
-- Loading package MIPS_types
-- Compiling entity slt
-- Compiling architecture dataflow of slt
-- Compiling entity mux2t1
-- Compiling architecture structure of mux2t1
-- Compiling entity controlUnit
-- Compiling architecture dataflow of controlUnit
-- Compiling entity barrelShifter
-- Compiling architecture structural of barrelShifter
-- Compiling entity onesComp
-- Compiling architecture structural of onesComp
-- Compiling entity adder_N
-- Compiling architecture structural of adder_N
-- Compiling entity org_N
-- Compiling architecture structural of org_N
-- Compiling entity branchUnit
-- Compiling architecture structure of branchUnit
-- Compiling entity andg_N
-- Compiling architecture structural of andg_N
-- Compiling entity norg2
-- Compiling architecture dataflow of norg2
-- Compiling entity fetchUnit
-- Compiling architecture structural of fetchUnit
-- Compiling entity Multiplier
-- Compiling architecture behavior of Multiplier
-- Compiling entity PC
-- Compiling architecture structural of PC
-- Compiling entity replqb
-- Compiling architecture dataflow of replqb
-- Compiling entity andg2
-- Compiling architecture dataflow of andg2
-- Compiling entity logicalOpsUnit
-- Compiling architecture mixed of logicalOpsUnit
-- Compiling entity fullAdder
-- Compiling architecture structure of fullAdder
-- Compiling entity mux2t1_N
-- Compiling architecture structural of mux2t1_N
-- Compiling entity bne
-- Compiling architecture dataflow of bne
-- Compiling entity Adder
-- Compiling architecture behavior of Adder
-- Compiling entity lui
-- Compiling architecture dataflow of lui
-- Compiling entity df_mux2t1
-- Compiling architecture df_2t1 of df_mux2t1
-- Compiling entity org2
-- Compiling architecture dataflow of org2
-- Compiling entity mux2t1_6
-- Compiling architecture structural of mux2t1_6
-- Compiling entity dffg
-- Compiling architecture mixed of dffg
-- Compiling entity mem
-- Compiling architecture rtl of mem
-- Loading package MIPS_types
-- Compiling entity MIPS_Processor
-- Compiling architecture structure of MIPS_Processor
End time: 21:59:00 on Dec 08,2022, Elapsed time: 0:00:00
Errors: 0, Warnings: 2
